<?xml version="1.0" encoding="UTF-8"?>
<!-- Generated by org.testng.reporters.JUnitReportReporter -->
<testsuite hostname="Zuhals-MBP" failures="0" tests="3" name="com.demo.tests.DemoTests2" time="0.019" errors="0" timestamp="2023-11-13T21:12:26 EST" skipped="0">
  <testcase classname="com.demo.tests.DemoTests2" name="test5" time="0.002"/>
  <testcase classname="com.demo.tests.DemoTests2" name="test4" time="0.017"/>
  <testcase classname="com.demo.tests.DemoTests2" name="test6" time="0.000"/>
</testsuite> <!-- com.demo.tests.DemoTests2 -->
