<?xml version="1.0" encoding="UTF-8"?>
<!-- Generated by org.testng.reporters.JUnitReportReporter -->
<testsuite hostname="Zuhals-MBP" failures="0" tests="3" name="com.demo.tests.DemoTests" time="0.007" errors="0" timestamp="2023-11-13T21:31:33 EST" skipped="1">
  <testcase classname="com.demo.tests.DemoTests" name="test2" time="0.002"/>
  <testcase classname="com.demo.tests.DemoTests" name="test1" time="0.005"/>
  <testcase classname="com.demo.tests.DemoTests" name="test3">
    <skipped/>
  </testcase> <!-- test3 -->
</testsuite> <!-- com.demo.tests.DemoTests -->
